# JRE version: OpenJDK Runtime Environment (8.0_152-b01) (build 1.8.0_152-release-915-b01)
# Java VM: OpenJDK 64-Bit Server VM (25.152-b01 mixed mode windows-amd64 compressed oops)
Heap:
 PSYoungGen      total 112640K, used 109652K [0x00000000e0000000, 0x00000000e9600000, 0x0000000100000000)
  eden space 98816K, 100% used [0x00000000e0000000,0x00000000e6080000,0x00000000e6080000)
  from space 13824K, 78% used [0x00000000e6080000,0x00000000e6b153e0,0x00000000e6e00000)
  to   space 14848K, 31% used [0x00000000e8780000,0x00000000e8c10000,0x00000000e9600000)
 ParOldGen       total 84480K, used 50451K [0x00000000a0000000, 0x00000000a5280000, 0x00000000e0000000)
  object space 84480K, 59% used [0x00000000a0000000,0x00000000a3144c30,0x00000000a5280000)
 Metaspace       used 66848K, capacity 69754K, committed 70104K, reserved 1110016K
  class space    used 8860K, capacity 9601K, committed 9728K, reserved 1048576K
GC Heap History (10 events):
Event: 70.638 GC heap after
Heap after GC invocations=22 (full 2):
 PSYoungGen      total 87040K, used 6814K [0x00000000e0000000, 0x00000000e5f80000, 0x0000000100000000)
  eden space 77824K, 0% used [0x00000000e0000000,0x00000000e0000000,0x00000000e4c00000)
  from space 9216K, 73% used [0x00000000e5500000,0x00000000e5ba7858,0x00000000e5e00000)
  to   space 9216K, 0% used [0x00000000e4c00000,0x00000000e4c00000,0x00000000e5500000)
 ParOldGen       total 46080K, used 30107K [0x00000000a0000000, 0x00000000a2d00000, 0x00000000e0000000)
  object space 46080K, 65% used [0x00000000a0000000,0x00000000a1d66eb8,0x00000000a2d00000)
 Metaspace       used 56020K, capacity 57932K, committed 57944K, reserved 1099776K
  class space    used 7565K, capacity 8058K, committed 8064K, reserved 1048576K
}
Event: 71.921 GC heap before
{Heap before GC invocations=23 (full 2):
 PSYoungGen      total 87040K, used 84638K [0x00000000e0000000, 0x00000000e5f80000, 0x0000000100000000)
  eden space 77824K, 100% used [0x00000000e0000000,0x00000000e4c00000,0x00000000e4c00000)
  from space 9216K, 73% used [0x00000000e5500000,0x00000000e5ba7858,0x00000000e5e00000)
  to   space 9216K, 0% used [0x00000000e4c00000,0x00000000e4c00000,0x00000000e5500000)
 ParOldGen       total 46080K, used 30107K [0x00000000a0000000, 0x00000000a2d00000, 0x00000000e0000000)
  object space 46080K, 65% used [0x00000000a0000000,0x00000000a1d66eb8,0x00000000a2d00000)
 Metaspace       used 56634K, capacity 58618K, committed 58840K, reserved 1099776K
  class space    used 7663K, capacity 8157K, committed 8192K, reserved 1048576K
Event: 71.973 GC heap after
Heap after GC invocations=23 (full 2):
 PSYoungGen      total 87040K, used 9216K [0x00000000e0000000, 0x00000000e7b00000, 0x0000000100000000)
  eden space 77824K, 0% used [0x00000000e0000000,0x00000000e0000000,0x00000000e4c00000)
  from space 9216K, 100% used [0x00000000e4c00000,0x00000000e5500000,0x00000000e5500000)
  to   space 13312K, 0% used [0x00000000e6e00000,0x00000000e6e00000,0x00000000e7b00000)
 ParOldGen       total 46080K, used 37905K [0x00000000a0000000, 0x00000000a2d00000, 0x00000000e0000000)
  object space 46080K, 82% used [0x00000000a0000000,0x00000000a2504598,0x00000000a2d00000)
 Metaspace       used 56634K, capacity 58618K, committed 58840K, reserved 1099776K
  class space    used 7663K, capacity 8157K, committed 8192K, reserved 1048576K
}
Event: 72.295 GC heap before
{Heap before GC invocations=24 (full 2):
 PSYoungGen      total 87040K, used 18454K [0x00000000e0000000, 0x00000000e7b00000, 0x0000000100000000)
  eden space 77824K, 11% used [0x00000000e0000000,0x00000000e0905aa8,0x00000000e4c00000)
  from space 9216K, 100% used [0x00000000e4c00000,0x00000000e5500000,0x00000000e5500000)
  to   space 13312K, 0% used [0x00000000e6e00000,0x00000000e6e00000,0x00000000e7b00000)
 ParOldGen       total 46080K, used 37905K [0x00000000a0000000, 0x00000000a2d00000, 0x00000000e0000000)
  object space 46080K, 82% used [0x00000000a0000000,0x00000000a2504598,0x00000000a2d00000)
 Metaspace       used 56829K, capacity 58880K, committed 59028K, reserved 1099776K
  class space    used 7712K, capacity 8191K, committed 8192K, reserved 1048576K
Event: 72.331 GC heap after
Heap after GC invocations=24 (full 2):
 PSYoungGen      total 112128K, used 768K [0x00000000e0000000, 0x00000000e8000000, 0x0000000100000000)
  eden space 98816K, 0% used [0x00000000e0000000,0x00000000e0000000,0x00000000e6080000)
  from space 13312K, 5% used [0x00000000e6e00000,0x00000000e6ec0000,0x00000000e7b00000)
  to   space 13824K, 0% used [0x00000000e6080000,0x00000000e6080000,0x00000000e6e00000)
 ParOldGen       total 47616K, used 47181K [0x00000000a0000000, 0x00000000a2e80000, 0x00000000e0000000)
  object space 47616K, 99% used [0x00000000a0000000,0x00000000a2e135f0,0x00000000a2e80000)
 Metaspace       used 56829K, capacity 58880K, committed 59028K, reserved 1099776K
  class space    used 7712K, capacity 8191K, committed 8192K, reserved 1048576K
}
Event: 72.331 GC heap before
{Heap before GC invocations=25 (full 3):
 PSYoungGen      total 112128K, used 768K [0x00000000e0000000, 0x00000000e8000000, 0x0000000100000000)
  eden space 98816K, 0% used [0x00000000e0000000,0x00000000e0000000,0x00000000e6080000)
  from space 13312K, 5% used [0x00000000e6e00000,0x00000000e6ec0000,0x00000000e7b00000)
  to   space 13824K, 0% used [0x00000000e6080000,0x00000000e6080000,0x00000000e6e00000)
 ParOldGen       total 47616K, used 47181K [0x00000000a0000000, 0x00000000a2e80000, 0x00000000e0000000)
  object space 47616K, 99% used [0x00000000a0000000,0x00000000a2e135f0,0x00000000a2e80000)
 Metaspace       used 56829K, capacity 58880K, committed 59028K, reserved 1099776K
  class space    used 7712K, capacity 8191K, committed 8192K, reserved 1048576K
Event: 73.096 GC heap after
Heap after GC invocations=25 (full 3):
 PSYoungGen      total 112128K, used 0K [0x00000000e0000000, 0x00000000e8000000, 0x0000000100000000)
  eden space 98816K, 0% used [0x00000000e0000000,0x00000000e0000000,0x00000000e6080000)
  from space 13312K, 0% used [0x00000000e6e00000,0x00000000e6e00000,0x00000000e7b00000)
  to   space 13824K, 0% used [0x00000000e6080000,0x00000000e6080000,0x00000000e6e00000)
 ParOldGen       total 84480K, used 43706K [0x00000000a0000000, 0x00000000a5280000, 0x00000000e0000000)
  object space 84480K, 51% used [0x00000000a0000000,0x00000000a2aae990,0x00000000a5280000)
 Metaspace       used 56806K, capacity 58792K, committed 59028K, reserved 1099776K
  class space    used 7705K, capacity 8183K, committed 8192K, reserved 1048576K
}
Event: 90.840 GC heap before
{Heap before GC invocations=26 (full 3):
 PSYoungGen      total 112128K, used 98816K [0x00000000e0000000, 0x00000000e8000000, 0x0000000100000000)
  eden space 98816K, 100% used [0x00000000e0000000,0x00000000e6080000,0x00000000e6080000)
  from space 13312K, 0% used [0x00000000e6e00000,0x00000000e6e00000,0x00000000e7b00000)
  to   space 13824K, 0% used [0x00000000e6080000,0x00000000e6080000,0x00000000e6e00000)
 ParOldGen       total 84480K, used 43706K [0x00000000a0000000, 0x00000000a5280000, 0x00000000e0000000)
  object space 84480K, 51% used [0x00000000a0000000,0x00000000a2aae990,0x00000000a5280000)
 Metaspace       used 63473K, capacity 65926K, committed 66008K, reserved 1105920K
  class space    used 8523K, capacity 9159K, committed 9216K, reserved 1048576K
Event: 90.898 GC heap after
Heap after GC invocations=26 (full 3):
 PSYoungGen      total 112640K, used 10836K [0x00000000e0000000, 0x00000000e9600000, 0x0000000100000000)
  eden space 98816K, 0% used [0x00000000e0000000,0x00000000e0000000,0x00000000e6080000)
  from space 13824K, 78% used [0x00000000e6080000,0x00000000e6b153e0,0x00000000e6e00000)
  to   space 14848K, 0% used [0x00000000e8780000,0x00000000e8780000,0x00000000e9600000)
 ParOldGen       total 84480K, used 43733K [0x00000000a0000000, 0x00000000a5280000, 0x00000000e0000000)
  object space 84480K, 51% used [0x00000000a0000000,0x00000000a2ab55e0,0x00000000a5280000)
 Metaspace       used 63473K, capacity 65926K, committed 66008K, reserved 1105920K
  class space    used 8523K, capacity 9159K, committed 9216K, reserved 1048576K
}
Event: 161.057 GC heap before
{Heap before GC invocations=27 (full 3):
 PSYoungGen      total 112640K, used 109652K [0x00000000e0000000, 0x00000000e9600000, 0x0000000100000000)
  eden space 98816K, 100% used [0x00000000e0000000,0x00000000e6080000,0x00000000e6080000)
  from space 13824K, 78% used [0x00000000e6080000,0x00000000e6b153e0,0x00000000e6e00000)
  to   space 14848K, 0% used [0x00000000e8780000,0x00000000e8780000,0x00000000e9600000)
 ParOldGen       total 84480K, used 43733K [0x00000000a0000000, 0x00000000a5280000, 0x00000000e0000000)
  object space 84480K, 51% used [0x00000000a0000000,0x00000000a2ab55e0,0x00000000a5280000)
 Metaspace       used 66848K, capacity 69754K, committed 70104K, reserved 1110016K
  class space    used 8860K, capacity 9601K, committed 9728K, reserved 1048576K

